<?xml version="1.0" encoding="utf-8"?><testsuites><testsuite name="pytest" errors="0" failures="0" skipped="0" tests="1" time="0.379" timestamp="2022-08-26T15:31:18.484168" hostname="rafael-Inspiron-7572"><testcase classname="books.tests.BookURLsTest" name="test_the_pytest_is_ok" time="0.308" /></testsuite></testsuites>